This is pdfTeX, Version 3.141592653-2.6-1.40.26 (TeX Live 2024) (preloaded format=pdflatex 2024.11.3)  19 DEC 2024 19:40
entering extended mode
 restricted \write18 enabled.
 %&-line parsing enabled.
**structure.tex
(./structure.tex
LaTeX2e <2023-11-01> patch level 1
L3 programming layer <2024-02-20>
(/usr/local/texlive/2024basic/texmf-dist/tex/latex/base/report.cls
Document Class: report 2023/05/17 v1.4n Standard LaTeX document class
(/usr/local/texlive/2024basic/texmf-dist/tex/latex/base/size12.clo
File: size12.clo 2023/05/17 v1.4n Standard LaTeX file (size option)
)
\c@part=\count188
\c@chapter=\count189
\c@section=\count190
\c@subsection=\count191
\c@subsubsection=\count192
\c@paragraph=\count193
\c@subparagraph=\count194
\c@figure=\count195
\c@table=\count196
\abovecaptionskip=\skip48
\belowcaptionskip=\skip49
\bibindent=\dimen140
)
(/usr/local/texlive/2024basic/texmf-dist/tex/latex/l3backend/l3backend-pdftex.d
ef
File: l3backend-pdftex.def 2024-02-20 L3 backend support: PDF output (pdfTeX)
\l__color_backend_stack_int=\count197
\l__pdf_internal_box=\box51
) (./structure.aux)
\openout1 = `structure.aux'.

LaTeX Font Info:    Checking defaults for OML/cmm/m/it on input line 5.
LaTeX Font Info:    ... okay on input line 5.
LaTeX Font Info:    Checking defaults for OMS/cmsy/m/n on input line 5.
LaTeX Font Info:    ... okay on input line 5.
LaTeX Font Info:    Checking defaults for OT1/cmr/m/n on input line 5.
LaTeX Font Info:    ... okay on input line 5.
LaTeX Font Info:    Checking defaults for T1/cmr/m/n on input line 5.
LaTeX Font Info:    ... okay on input line 5.
LaTeX Font Info:    Checking defaults for TS1/cmr/m/n on input line 5.
LaTeX Font Info:    ... okay on input line 5.
LaTeX Font Info:    Checking defaults for OMX/cmex/m/n on input line 5.
LaTeX Font Info:    ... okay on input line 5.
LaTeX Font Info:    Checking defaults for U/cmr/m/n on input line 5.
LaTeX Font Info:    ... okay on input line 5.
LaTeX Font Info:    External font `cmex10' loaded for size
(Font)              <14.4> on input line 14.
LaTeX Font Info:    External font `cmex10' loaded for size
(Font)              <7> on input line 14.
 [1

{/usr/local/texlive/2024basic/texmf-var/fonts/map/pdftex/updmap/pdftex.map}] [1

] [2] [3] [4] [5]
Chapter 1.
[6

] [7] [8] [9] [10] [11] [12] [13]
Overfull \hbox (9.36113pt too wide) in paragraph at lines 554--562
[]\OT1/cmr/m/n/12 As a de-scen-dant of con-ver-sa-tion anal-y-sis in-ter-ac-tio
n lin-guis-tics has emerged,
 []

[14]
Overfull \hbox (0.43993pt too wide) in paragraph at lines 634--655
[]\OT1/cmr/m/n/12 Coherence dis-rup-tions are also dis-cussed in lin-guis-tic l
it-er-a-ture. Hrb^^Sa^^Tcek's
 []

[15]
Overfull \hbox (0.74872pt too wide) in paragraph at lines 657--662
\OT1/cmr/m/n/12 ver-sa-tion co-her-ence can be dis-rupted - topic shifts and un
assignable anaphore.
 []

[16] (./structure.bbl [17]
! Misplaced alignment tab character &.
l.62 ...{\em Lectures on Conversation}, volume 1 &
                                                   2.
? 
[18

] [19]) [20] (./structure.aux)
 ***********
LaTeX2e <2023-11-01> patch level 1
L3 programming layer <2024-02-20>
 ***********
 )
(\end occurred inside a group at level 1)

### simple group (level 1) entered at line 151 ({)
### bottom level 
Here is how much of TeX's memory you used:
 515 strings out of 475567
 9704 string characters out of 5777889
 1933187 words of memory out of 5000000
 22738 multiletter control sequences out of 15000+600000
 562089 words of font info for 49 fonts, out of 8000000 for 9000
 319 hyphenation exceptions out of 8191
 35i,7n,50p,944b,278s stack positions out of 10000i,1000n,20000p,200000b,200000s
 </Users/almarsk/Library/texlive/2024basic/texmf-var/fonts/pk/l
jfour/jknappen/ec/tcrm1200.600pk></usr/local/texlive/2024basic/texmf-dist/fonts
/type1/public/amsfonts/cm/cmbx12.pfb></usr/local/texlive/2024basic/texmf-dist/f
onts/type1/public/amsfonts/cm/cmr12.pfb></usr/local/texlive/2024basic/texmf-dis
t/fonts/type1/public/amsfonts/cm/cmr17.pfb></usr/local/texlive/2024basic/texmf-
dist/fonts/type1/public/amsfonts/cm/cmti12.pfb>
Output written on structure.pdf (21 pages, 112767 bytes).
PDF statistics:
 98 PDF objects out of 1000 (max. 8388607)
 64 compressed objects within 1 object stream
 0 named destinations out of 1000 (max. 500000)
 1 words of extra memory for PDF output out of 10000 (max. 10000000)

